LISTING FOR LOGIC DESCRIPTION FILE: ZX81-SEXP-D22.pld                Page 1

CUPL(WM): Universal Compiler for Programmable Logic
Version 5.0a Serial# 60008009
Copyright (c) 1983, 1998 Logical Devices, Inc.
Created Sun Feb 18 22:53:40 2024

  1:Name     ZX81-SEXP-D22 ;
  2:PartNo   00 ;
  3:Date     2023. 07. 05. ;
  4:Revision 01 ;
  5:Designer Engineer ;
  6:Company  Sanyi ;
  7:Assembly None ;
  8:Location  ;
  9:Device   g22v10lcc ;
 10:
 11:/* NC - 1, 8, 15, 22
 12:   GND - 14
 13:   VCC - 28
 14:*/
 15:
 16:/* *************** INPUT PINS *********************/
 17:PIN 2    = JOY_UP               ; /* Flash Data Out bit */ 
 18:PIN 3    = FDOUT                ; /* Joy right */ 
 19:PIN 4    = JOY_FIRE             ; /* Joy left  */ 
 20:PIN 5    = JOY_DOWN             ; /* Joy down  */ 
 21:PIN 6    = JOY_LEFT     ; /* Joy fire  */ 
 22:PIN 7    = JOY_RIGHT            ; /* Joy up    */ 
 23:
 24:PIN 9    = IS_KEMPSTON     ; /* 1-Kempston, 0-56780 */
 25:PIN 10    = !FLASH_RD   ; /* Flash read/clk of LVC273 */ 
 26:PIN 11   = !JOY_SELECT  ; /* Joy selected */ 
 27:PIN 12   = A12          ;
 28:PIN 13   = A11          ;
 29:PIN 16   = SD_SWITCH            ;
 30:
 31:/* *************** OUTPUT PINS *********************/
 32:PIN 17    = D0  ; /* Data bit 0 */ 
 33:PIN 18    = D1  ; /* Data bit 1 */ 
 34:PIN 19    = D2  ; /* Data bit 2 */
 35:PIN 20    = D4  ; /* Data bit 3 */
 36:PIN 21    = D3  ; /* Data bit 4 */
 37:
 38:PINNODE 23 = OE_FLAG_D0;
 39:PINNODE 24 = OE_FLAG_D1;
 40:PINNODE 25 = OE_FLAG_D2;
 41:PINNODE 26 = OE_FLAG_D3;
 42:PINNODE 27 = OE_FLAG_D4;
 43:
 44:
 45:OE_FLAG_D0 = FLASH_RD #
 46:                (JOY_SELECT & IS_KEMPSTON) #
 47:                (JOY_SELECT & !IS_KEMPSTON & !A12 & !JOY_FIRE);
 48:
 49:OE_FLAG_D1 = FLASH_RD # 
 50:                (JOY_SELECT & IS_KEMPSTON);
 51:
 52:OE_FLAG_D2 = FLASH_RD #
 53:                (JOY_SELECT & IS_KEMPSTON) #

LISTING FOR LOGIC DESCRIPTION FILE: ZX81-SEXP-D22.pld                Page 2

CUPL(WM): Universal Compiler for Programmable Logic
Version 5.0a Serial# 60008009
Copyright (c) 1983, 1998 Logical Devices, Inc.
Created Sun Feb 18 22:53:40 2024

 54:                (JOY_SELECT & !IS_KEMPSTON & !A12 & !JOY_RIGHT);
 55:
 56:OE_FLAG_D3 = FLASH_RD #
 57:                (JOY_SELECT & IS_KEMPSTON) #
 58:                (JOY_SELECT & !IS_KEMPSTON & !A12 & !JOY_UP);
 59:
 60:
 61:OE_FLAG_D4 = FLASH_RD #
 62:                (JOY_SELECT & IS_KEMPSTON) #
 63:                (JOY_SELECT & !IS_KEMPSTON & !A12 & !JOY_DOWN) #
 64:                (JOY_SELECT & !IS_KEMPSTON & !A11 & !JOY_LEFT);
 65:
 66:/* OE_FLAG_REST = FLASH_RD & (JOY_SELECT & !IS_KEMPSTON) & (JOY_SELECT & IS_KEMPSTON & A12);
 67:
 68:OE_FLAG_D4 = FLASH_RD & (JOY_SELECT & !IS_KEMPSTON) & (JOY_SELECT & IS_KEMPSTON & A11); */
 69:/* Kemptson: 000FUDLR */
 70:
 71:D0.OE   = OE_FLAG_D0;
 72:D0      = (FLASH_RD & FDOUT) # 
 73:          (IS_KEMPSTON & JOY_SELECT & !JOY_RIGHT);      
 74:
 75:D1.OE   = OE_FLAG_D1;
 76:D1      = (FLASH_RD & FDOUT) # 
 77:                (IS_KEMPSTON & JOY_SELECT & !JOY_LEFT);
 78:
 79:D2.OE   = OE_FLAG_D2;
 80:D2      = (FLASH_RD & FDOUT) # 
 81:                (IS_KEMPSTON & JOY_SELECT & !JOY_DOWN);
 82:
 83:D3.OE   = OE_FLAG_D3;
 84:D3      = (FLASH_RD & FDOUT) # 
 85:                (IS_KEMPSTON & JOY_SELECT & !JOY_UP);
 86:
 87:D4.OE   = OE_FLAG_D4;
 88:D4      = (FLASH_RD & SD_SWITCH) # 
 89:                (IS_KEMPSTON & JOY_SELECT & !JOY_FIRE);
 90:
 91:
 92:



Jedec Fuse Checksum       (bf31)
Jedec Transmit Checksum   (24e2)
